Using pre-set license
Built from '2022.2/china_unity/release' branch; Version is '2022.2.6f1c1 (06ef6b644a95) revision 454507'; Using compiler version '192829333'; Build Type 'Release'
OS: 'Windows 11  (10.0.22631) 64bit Enterprise' Language: 'zh' Physical Memory: 32577 MB
BatchMode: 1, IsHumanControllingUs: 0, StartBugReporterOnCrash: 0, Is64bit: 1, IsPro: 1

COMMAND LINE ARGUMENTS:
E:\2022.2.6f1c1\Editor\Unity.exe
-adb2
-batchMode
-noUpm
-name
AssetImportWorker0
-projectPath
E:/ZXM/Game/Card/Card
-logFile
Logs/AssetImportWorker0.log
-srvPort
50483
Successfully changed project path to: E:/ZXM/Game/Card/Card
E:/ZXM/Game/Card/Card
[UnityMemory] Configuration Parameters - Can be set up in boot.config
    "memorysetup-bucket-allocator-granularity=16"
    "memorysetup-bucket-allocator-bucket-count=8"
    "memorysetup-bucket-allocator-block-size=33554432"
    "memorysetup-bucket-allocator-block-count=8"
    "memorysetup-main-allocator-block-size=16777216"
    "memorysetup-thread-allocator-block-size=16777216"
    "memorysetup-gfx-main-allocator-block-size=16777216"
    "memorysetup-gfx-thread-allocator-block-size=16777216"
    "memorysetup-cache-allocator-block-size=4194304"
    "memorysetup-typetree-allocator-block-size=2097152"
    "memorysetup-profiler-bucket-allocator-granularity=16"
    "memorysetup-profiler-bucket-allocator-bucket-count=8"
    "memorysetup-profiler-bucket-allocator-block-size=33554432"
    "memorysetup-profiler-bucket-allocator-block-count=8"
    "memorysetup-profiler-allocator-block-size=16777216"
    "memorysetup-profiler-editor-allocator-block-size=1048576"
    "memorysetup-temp-allocator-size-main=16777216"
    "memorysetup-job-temp-allocator-block-size=2097152"
    "memorysetup-job-temp-allocator-block-size-background=1048576"
    "memorysetup-job-temp-allocator-reduction-small-platforms=262144"
    "memorysetup-temp-allocator-size-background-worker=32768"
    "memorysetup-temp-allocator-size-job-worker=262144"
    "memorysetup-temp-allocator-size-preload-manager=33554432"
    "memorysetup-temp-allocator-size-nav-mesh-worker=65536"
    "memorysetup-temp-allocator-size-audio-worker=65536"
    "memorysetup-temp-allocator-size-cloud-worker=32768"
    "memorysetup-temp-allocator-size-gi-baking-worker=262144"
    "memorysetup-temp-allocator-size-gfx=262144"
Player connection [9976] Host "[IP] 192.168.31.71 [Port] 0 [Flags] 2 [Guid] 3412853924 [EditorId] 3412853924 [Version] 1048832 [Id] WindowsEditor(7,DESKTOP-B7FR8SN) [Debug] 1 [PackageName] WindowsEditor [ProjectName] Editor" joined multi-casting on [225.0.0.222:54997]...

Player connection [9976] Host "[IP] 192.168.31.71 [Port] 0 [Flags] 2 [Guid] 3412853924 [EditorId] 3412853924 [Version] 1048832 [Id] WindowsEditor(7,DESKTOP-B7FR8SN) [Debug] 1 [PackageName] WindowsEditor [ProjectName] Editor" joined alternative multi-casting on [225.0.0.222:34997]...

Refreshing native plugins compatible for Editor in 8.33 ms, found 3 plugins.
Preloading 0 native plugins for Editor in 0.00 ms.
Initialize engine version: 2022.2.6f1c1 (06ef6b644a95)
[Subsystems] Discovering subsystems at path E:/2022.2.6f1c1/Editor/Data/Resources/UnitySubsystems
[Subsystems] Discovering subsystems at path E:/ZXM/Game/Card/Card/Assets
GfxDevice: creating device client; threaded=0; jobified=0
Direct3D:
    Version:  Direct3D 11.0 [level 11.1]
    Renderer: NVIDIA GeForce RTX 4060 Ti (ID=0x2803)
    Vendor:   NVIDIA
    VRAM:     7963 MB
    Driver:   31.0.15.3742
Initialize mono
Mono path[0] = 'E:/2022.2.6f1c1/Editor/Data/Managed'
Mono path[1] = 'E:/2022.2.6f1c1/Editor/Data/MonoBleedingEdge/lib/mono/unityjit-win32'
Mono config path = 'E:/2022.2.6f1c1/Editor/Data/MonoBleedingEdge/etc'
Using monoOptions --debugger-agent=transport=dt_socket,embedding=1,server=y,suspend=n,address=127.0.0.1:56352
Begin MonoManager ReloadAssembly
Registering precompiled unity dll's ...
Register platform support module: E:/2022.2.6f1c1/Editor/Data/PlaybackEngines/WindowsStandaloneSupport/UnityEditor.WindowsStandalone.Extensions.dll
Registered in 0.003719 seconds.
- Loaded All Assemblies, in  0.240 seconds
Native extension for WindowsStandalone target not found
Mono: successfully reloaded assembly
- Finished resetting the current domain, in  0.218 seconds
Domain Reload Profiling:
	ReloadAssembly (143ms)
		BeginReloadAssembly (55ms)
			ExecutionOrderSort (0ms)
			DisableScriptedObjects (0ms)
			BackupInstance (0ms)
			ReleaseScriptingObjects (0ms)
			CreateAndSetChildDomain (1ms)
		LoadAllAssembliesAndSetupDomain (0ms)
			LoadAssemblies (53ms)
			RebuildTransferFunctionScriptingTraits (0ms)
			SetupTypeCache (91ms)
				TypeCache.Initialize (90ms)
					TypeCache.ScanAssembly (89ms)
				ResolveRequiredComponents (0ms)
		FinalizeReload (0ms)
			ReleaseScriptCaches (0ms)
			RebuildScriptCaches (0ms)
			SetupLoadedEditorAssemblies (172ms)
				LogAssemblyErrors (0ms)
				InitializePlatformSupportModulesInManaged (6ms)
				SetLoadedEditorAssemblies (8ms)
				RefreshPlugins (0ms)
				BeforeProcessingInitializeOnLoad (1ms)
				ProcessInitializeOnLoadAttributes (112ms)
				ProcessInitializeOnLoadMethodAttributes (44ms)
				AfterProcessingInitializeOnLoad (0ms)
				EditorAssembliesLoaded (0ms)
			ExecutionOrderSort2 (0ms)
			AwakeInstancesAfterBackupRestoration (0ms)
========================================================================
Worker process is ready to serve import requests
Begin MonoManager ReloadAssembly
Symbol file LoadedFromMemory doesn't match image E:\ZXM\Game\Card\Card\Library\PackageCache\com.unity.visualscripting@1.8.0\Editor\VisualScripting.Core\Dependencies\YamlDotNet\Unity.VisualScripting.YamlDotNet.dll
Symbol file LoadedFromMemory doesn't match image E:\ZXM\Game\Card\Card\Library\PackageCache\com.unity.visualscripting@1.8.0\Editor\VisualScripting.Core\Dependencies\DotNetZip\Unity.VisualScripting.IonicZip.dll
- Loaded All Assemblies, in  0.662 seconds
Refreshing native plugins compatible for Editor in 2.66 ms, found 3 plugins.
Native extension for WindowsStandalone target not found
Mono: successfully reloaded assembly
- Finished resetting the current domain, in  0.379 seconds
Domain Reload Profiling:
	ReloadAssembly (159ms)
		BeginReloadAssembly (85ms)
			ExecutionOrderSort (0ms)
			DisableScriptedObjects (4ms)
			BackupInstance (0ms)
			ReleaseScriptingObjects (0ms)
			CreateAndSetChildDomain (16ms)
		LoadAllAssembliesAndSetupDomain (501ms)
			LoadAssemblies (185ms)
			RebuildTransferFunctionScriptingTraits (0ms)
			SetupTypeCache (351ms)
				TypeCache.Initialize (202ms)
					TypeCache.ScanAssembly (199ms)
				ResolveRequiredComponents (3ms)
		FinalizeReload (0ms)
			ReleaseScriptCaches (0ms)
			RebuildScriptCaches (0ms)
			SetupLoadedEditorAssemblies (261ms)
				LogAssemblyErrors (0ms)
				InitializePlatformSupportModulesInManaged (4ms)
				SetLoadedEditorAssemblies (4ms)
				RefreshPlugins (0ms)
				BeforeProcessingInitializeOnLoad (42ms)
				ProcessInitializeOnLoadAttributes (192ms)
				ProcessInitializeOnLoadMethodAttributes (16ms)
				AfterProcessingInitializeOnLoad (3ms)
				EditorAssembliesLoaded (0ms)
			ExecutionOrderSort2 (0ms)
			AwakeInstancesAfterBackupRestoration (5ms)
Launched and connected shader compiler UnityShaderCompiler.exe after 0.03 seconds
Refreshing native plugins compatible for Editor in 1.85 ms, found 3 plugins.
Preloading 0 native plugins for Editor in 0.00 ms.
Unloading 3065 Unused Serialized files (Serialized files now loaded: 0)
Unloading 23 unused Assets / (66.2 KB). Loaded Objects now: 3529.
Memory consumption went from 478.8 MB to 478.7 MB.
Total: 2.487300 ms (FindLiveObjects: 0.240600 ms CreateObjectMapping: 0.162700 ms MarkObjects: 1.989800 ms  DeleteObjects: 0.092600 ms)

AssetImportParameters requested are different than current active one (requested -> active):
  custom:container-demuxer-ogg: 62fdf1f143b41e24485cea50d1cbac27 -> 
  custom:video-codec-MediaFoundation-h265: 746d11721c4dcdbdad8f713fa42b33f4 -> 
  custom:video-decoder-ogg-theora: a1e56fd34408186e4bbccfd4996cb3dc -> 
  custom:framework-win-MediaFoundation: 216162199b28c13a410421893ffa2e32 -> 
  custom:container-demuxer-webm: 4f35f7cbe854078d1ac9338744f61a02 -> 
  custom:container-muxer-webm: aa71ff27fc2769a1b78a27578f13a17b -> 
  custom:video-decoder-webm-vp8: 9c59270c3fd7afecdb556c50c9e8de78 -> 
  custom:AudioImporter_EditorPlatform: d09bf68614088b80899f8185d706f6e7 -> 
  custom:video-encoder-webm-vp8: eb34c28f22e8b96e1ab97ce403110664 -> 
  custom:audio-decoder-ogg-vorbis: bf7c407c2cedff20999df2af8eb42d56 -> 
  custom:audio-encoder-webm-vorbis: bf7c407c2cedff20999df2af8eb42d56 -> 
========================================================================
Received Import Request.
  Time since last request: 1480.673608 seconds.
  path: Assets/Assets/UI Elements/Extras/circle64.png
  artifactKey: Guid(105aa01b1530a1e48ba3df5d4a1cae8b) Importer(815301076,1909f56bfc062723c751e8b465ee728b)
Start importing Assets/Assets/UI Elements/Extras/circle64.png using Guid(105aa01b1530a1e48ba3df5d4a1cae8b) Importer(815301076,1909f56bfc062723c751e8b465ee728b)  -> (artifact id: 'c6332f8cf4d9a8f8f89332e8898bf4ef') in 0.072331 seconds 
Number of updated asset objects reloaded before import = 0
Number of asset objects unloaded after import = 3
========================================================================
Received Import Request.
  Time since last request: 0.000023 seconds.
  path: Assets/Assets/Raw and SpriteSheets/White1x.png
  artifactKey: Guid(39593ca37478df14e8e229aa2a036999) Importer(815301076,1909f56bfc062723c751e8b465ee728b)
Start importing Assets/Assets/Raw and SpriteSheets/White1x.png using Guid(39593ca37478df14e8e229aa2a036999) Importer(815301076,1909f56bfc062723c751e8b465ee728b)  -> (artifact id: '699450189f31f59aa96f5420c1273a3d') in 0.016803 seconds 
Number of updated asset objects reloaded before import = 0
Number of asset objects unloaded after import = 3
========================================================================
Received Import Request.
  Time since last request: 0.000014 seconds.
  path: Assets/Assets/Raw and SpriteSheets/Black2x.png
  artifactKey: Guid(13e8ba67342044f4590ac6cd9dc47aa5) Importer(815301076,1909f56bfc062723c751e8b465ee728b)
Start importing Assets/Assets/Raw and SpriteSheets/Black2x.png using Guid(13e8ba67342044f4590ac6cd9dc47aa5) Importer(815301076,1909f56bfc062723c751e8b465ee728b)  -> (artifact id: 'aa4e5664166373315852011c9f2ba2aa') in 0.017055 seconds 
Number of updated asset objects reloaded before import = 0
Number of asset objects unloaded after import = 3
========================================================================
Received Import Request.
  Time since last request: 0.000018 seconds.
  path: Assets/Assets/Raw and SpriteSheets/Extras.png
  artifactKey: Guid(7146f89077ead2542bf1ad7bca470bdc) Importer(815301076,1909f56bfc062723c751e8b465ee728b)
Start importing Assets/Assets/Raw and SpriteSheets/Extras.png using Guid(7146f89077ead2542bf1ad7bca470bdc) Importer(815301076,1909f56bfc062723c751e8b465ee728b)  -> (artifact id: '7f3b937a644faf2d42b43a6f24164d61') in 0.023309 seconds 
Number of updated asset objects reloaded before import = 0
Number of asset objects unloaded after import = 3
========================================================================
Received Import Request.
  Time since last request: 0.000019 seconds.
  path: Assets/Assets/Raw and SpriteSheets/Black1x.png
  artifactKey: Guid(40894da363e22b840b4612dbca902868) Importer(815301076,1909f56bfc062723c751e8b465ee728b)
Start importing Assets/Assets/Raw and SpriteSheets/Black1x.png using Guid(40894da363e22b840b4612dbca902868) Importer(815301076,1909f56bfc062723c751e8b465ee728b)  -> (artifact id: 'c5bfa610e20953f79823e0d0bd890e18') in 0.014163 seconds 
Number of updated asset objects reloaded before import = 0
Number of asset objects unloaded after import = 3
========================================================================
Received Import Request.
  Time since last request: 1.524029 seconds.
  path: Assets/Assets/UI Elements/White/1x/BUtton 1.png
  artifactKey: Guid(c33c6ae4ffbbdc8439f47c9811ec4064) Importer(815301076,1909f56bfc062723c751e8b465ee728b)
Start importing Assets/Assets/UI Elements/White/1x/BUtton 1.png using Guid(c33c6ae4ffbbdc8439f47c9811ec4064) Importer(815301076,1909f56bfc062723c751e8b465ee728b)  -> (artifact id: '0f48fcfa65fb9dc5a90caba7f4078ab1') in 0.021495 seconds 
Number of updated asset objects reloaded before import = 0
Number of asset objects unloaded after import = 3
========================================================================
Received Import Request.
  Time since last request: 0.000024 seconds.
  path: Assets/Assets/UI Elements/White/1x/cross.png
  artifactKey: Guid(321d8291ab2c6cb4b81d3dda37a91ef6) Importer(815301076,1909f56bfc062723c751e8b465ee728b)
Start importing Assets/Assets/UI Elements/White/1x/cross.png using Guid(321d8291ab2c6cb4b81d3dda37a91ef6) Importer(815301076,1909f56bfc062723c751e8b465ee728b)  -> (artifact id: '8b1ed885a6082d0ffaf9d3f67cfadddf') in 0.022009 seconds 
Number of updated asset objects reloaded before import = 0
Number of asset objects unloaded after import = 3
========================================================================
Received Import Request.
  Time since last request: 0.000028 seconds.
  path: Assets/Assets/UI Elements/White/1x/BUtton A.png
  artifactKey: Guid(f17215db0638a0944ae774ad4f93932c) Importer(815301076,1909f56bfc062723c751e8b465ee728b)
Start importing Assets/Assets/UI Elements/White/1x/BUtton A.png using Guid(f17215db0638a0944ae774ad4f93932c) Importer(815301076,1909f56bfc062723c751e8b465ee728b)  -> (artifact id: '2de0901c6ea5fdd6452fe296441383a9') in 0.016171 seconds 
Number of updated asset objects reloaded before import = 0
Number of asset objects unloaded after import = 3
========================================================================
Received Import Request.
  Time since last request: 0.000018 seconds.
  path: Assets/Assets/UI Elements/White/1x/down arrow.png
  artifactKey: Guid(b6fcb67aab932ab47845505c9a99494c) Importer(815301076,1909f56bfc062723c751e8b465ee728b)
Start importing Assets/Assets/UI Elements/White/1x/down arrow.png using Guid(b6fcb67aab932ab47845505c9a99494c) Importer(815301076,1909f56bfc062723c751e8b465ee728b)  -> (artifact id: '2d300c6617a5a848378bd7defa0bf651') in 0.020406 seconds 
Number of updated asset objects reloaded before import = 0
Number of asset objects unloaded after import = 3
